    13>D:\projects\misis2024f-check\misis2024f-24-01-sainov-r-d\prj.codeforces\0344a.cpp(21,20): warning C4554: "<<": проверьте приоритет операторов на ошибки; для уточнения приоритета используйте скобки [D:\projects\misis2024f-check\misis2024f-24-01-sainov-r-d\build.check\prj.codeforces\0344a.vcxproj]
    15>D:\projects\misis2024f-check\misis2024f-24-01-sainov-r-d\prj.codeforces\0276a.cpp(9,12): warning C4305: инициализация: усечение из "__int64" в "int" [D:\projects\misis2024f-check\misis2024f-24-01-sainov-r-d\build.check\prj.codeforces\0276a.vcxproj]
    15>D:\projects\misis2024f-check\misis2024f-24-01-sainov-r-d\prj.codeforces\0276a.cpp(9,15): warning C4309: инициализация: усечение константного значения [D:\projects\misis2024f-check\misis2024f-24-01-sainov-r-d\build.check\prj.codeforces\0276a.vcxproj]
    24>D:\projects\misis2024f-check\misis2024f-24-01-sainov-r-d\prj.codeforces\0875a.cpp(22,13): warning C4267: инициализация: преобразование из "size_t" в "int"; возможна потеря данных [D:\projects\misis2024f-check\misis2024f-24-01-sainov-r-d\build.check\prj.codeforces\0875a.vcxproj]
    32>D:\projects\misis2024f-check\misis2024f-24-01-sainov-r-d\prj.codeforces\0978a.cpp(11,16): warning C4267: инициализация: преобразование из "size_t" в "int"; возможна потеря данных [D:\projects\misis2024f-check\misis2024f-24-01-sainov-r-d\build.check\prj.codeforces\0978a.vcxproj]
    35>D:\projects\misis2024f-check\misis2024f-24-01-sainov-r-d\prj.codeforces\1058b.cpp(14,6): warning C4101: num: неиспользованная локальная переменная [D:\projects\misis2024f-check\misis2024f-24-01-sainov-r-d\build.check\prj.codeforces\1058b.vcxproj]
    40>D:\projects\misis2024f-check\misis2024f-24-01-sainov-r-d\prj.codeforces\1409a.cpp(8,15): warning C4244: инициализация: преобразование "double" в "__int64", возможна потеря данных [D:\projects\misis2024f-check\misis2024f-24-01-sainov-r-d\build.check\prj.codeforces\1409a.vcxproj]
    45>D:\projects\misis2024f-check\misis2024f-24-01-sainov-r-d\prj.codeforces\1678a.cpp(17,12): warning C4244: =: преобразование "__int64" в "int", возможна потеря данных [D:\projects\misis2024f-check\misis2024f-24-01-sainov-r-d\build.check\prj.codeforces\1678a.vcxproj]
    47>D:\projects\misis2024f-check\misis2024f-24-01-sainov-r-d\prj.codeforces\1821a.cpp(11,13): warning C4244: инициализация: преобразование "__int64" в "int", возможна потеря данных [D:\projects\misis2024f-check\misis2024f-24-01-sainov-r-d\build.check\prj.codeforces\1821a.vcxproj]
    53>D:\projects\misis2024f-check\misis2024f-24-01-sainov-r-d\prj.codeforces\1873e.cpp(12,13): warning C4552: ">>": результат выражения не используется [D:\projects\misis2024f-check\misis2024f-24-01-sainov-r-d\build.check\prj.codeforces\1873e.vcxproj]
    61>D:\projects\misis2024f-check\misis2024f-24-01-sainov-r-d\prj.lab\complex\complex.cpp(51,1): warning C4172: возвращение адреса локальной или временной переменной  [D:\projects\misis2024f-check\misis2024f-24-01-sainov-r-d\build.check\prj.lab\complex\complex.vcxproj]
    61>D:\projects\misis2024f-check\misis2024f-24-01-sainov-r-d\prj.lab\complex\complex.cpp(55,1): warning C4172: возвращение адреса локальной или временной переменной  [D:\projects\misis2024f-check\misis2024f-24-01-sainov-r-d\build.check\prj.lab\complex\complex.vcxproj]
    68>D:\projects\misis2024f-check\misis2024f-24-01-sainov-r-d\prj.lab\queuea\queuea.cpp(15,29): warning C4508: QueueA: функция должна возвращать значение; предполагается возвращаемый тип "void" [D:\projects\misis2024f-check\misis2024f-24-01-sainov-r-d\build.check\prj.lab\queuea\queuea.vcxproj]
    74>D:\projects\misis2024f-check\misis2024f-24-01-sainov-r-d\prj.lab\stackl\stackl.h(8,20): warning C4183: Stackl: отсутствие возвращаемого типа; предполагается функция-член, возвращающая "int" [D:\projects\misis2024f-check\misis2024f-24-01-sainov-r-d\build.check\prj.lab\stackl\stackl.vcxproj]
    70>D:\projects\misis2024f-check\misis2024f-24-01-sainov-r-d\prj.lab\rational\rational.cpp(79,63): warning C4244: аргумент: преобразование "__int64" в "int32_t", возможна потеря данных [D:\projects\misis2024f-check\misis2024f-24-01-sainov-r-d\build.check\prj.lab\rational\rational.vcxproj]
    70>D:\projects\misis2024f-check\misis2024f-24-01-sainov-r-d\prj.lab\rational\rational.cpp(79,49): warning C4244: аргумент: преобразование "__int64" в "int32_t", возможна потеря данных [D:\projects\misis2024f-check\misis2024f-24-01-sainov-r-d\build.check\prj.lab\rational\rational.vcxproj]
    70>D:\projects\misis2024f-check\misis2024f-24-01-sainov-r-d\prj.lab\rational\rational.cpp(84,23): warning C4244: =: преобразование "__int64" в "int32_t", возможна потеря данных [D:\projects\misis2024f-check\misis2024f-24-01-sainov-r-d\build.check\prj.lab\rational\rational.vcxproj]
    70>D:\projects\misis2024f-check\misis2024f-24-01-sainov-r-d\prj.lab\rational\rational.cpp(85,25): warning C4244: =: преобразование "__int64" в "int32_t", возможна потеря данных [D:\projects\misis2024f-check\misis2024f-24-01-sainov-r-d\build.check\prj.lab\rational\rational.vcxproj]
    70>D:\projects\misis2024f-check\misis2024f-24-01-sainov-r-d\prj.lab\rational\rational.cpp(87,23): warning C4244: =: преобразование "__int64" в "int32_t", возможна потеря данных [D:\projects\misis2024f-check\misis2024f-24-01-sainov-r-d\build.check\prj.lab\rational\rational.vcxproj]
    70>D:\projects\misis2024f-check\misis2024f-24-01-sainov-r-d\prj.lab\rational\rational.cpp(88,33): warning C4244: =: преобразование "__int64" в "int32_t", возможна потеря данных [D:\projects\misis2024f-check\misis2024f-24-01-sainov-r-d\build.check\prj.lab\rational\rational.vcxproj]
    70>D:\projects\misis2024f-check\misis2024f-24-01-sainov-r-d\prj.lab\rational\rational.cpp(90,23): warning C4244: =: преобразование "__int64" в "int32_t", возможна потеря данных [D:\projects\misis2024f-check\misis2024f-24-01-sainov-r-d\build.check\prj.lab\rational\rational.vcxproj]
    70>D:\projects\misis2024f-check\misis2024f-24-01-sainov-r-d\prj.lab\rational\rational.cpp(91,25): warning C4244: =: преобразование "__int64" в "int32_t", возможна потеря данных [D:\projects\misis2024f-check\misis2024f-24-01-sainov-r-d\build.check\prj.lab\rational\rational.vcxproj]
    70>D:\projects\misis2024f-check\misis2024f-24-01-sainov-r-d\prj.lab\rational\rational.cpp(113,1): warning C4717: operator-: рекурсия на всех путях выполнения, функция вызовет переполнение стека [D:\projects\misis2024f-check\misis2024f-24-01-sainov-r-d\build.check\prj.lab\rational\rational.vcxproj]
    70>D:\projects\misis2024f-check\misis2024f-24-01-sainov-r-d\prj.lab\rational\rational.cpp(114,1): warning C4717: operator*: рекурсия на всех путях выполнения, функция вызовет переполнение стека [D:\projects\misis2024f-check\misis2024f-24-01-sainov-r-d\build.check\prj.lab\rational\rational.vcxproj]
    70>D:\projects\misis2024f-check\misis2024f-24-01-sainov-r-d\prj.lab\rational\rational.cpp(115,1): warning C4717: operator/: рекурсия на всех путях выполнения, функция вызовет переполнение стека [D:\projects\misis2024f-check\misis2024f-24-01-sainov-r-d\build.check\prj.lab\rational\rational.vcxproj]
    60>D:\projects\misis2024f-check\misis2024f-24-01-sainov-r-d\prj.test\arrayd_doctest.cpp(81,18): warning C4244: =: преобразование "ptrdiff_t" в "double", возможна потеря данных [D:\projects\misis2024f-check\misis2024f-24-01-sainov-r-d\build.check\prj.test\arrayd_doctest.vcxproj]
