    13>D:\projects\misis2024f-check\misis2024f-24-01-sainov-r-d\prj.codeforces\0344a.cpp(1,10): error C2065: iostream: необъявленный идентификатор [D:\projects\misis2024f-check\misis2024f-24-01-sainov-r-d\build.check\prj.codeforces\0344a.vcxproj]
    13>D:\projects\misis2024f-check\misis2024f-24-01-sainov-r-d\prj.codeforces\0344a.cpp(1,1): error C7568: Список аргументов отсутствует после предполагаемого шаблона функции "include". [D:\projects\misis2024f-check\misis2024f-24-01-sainov-r-d\build.check\prj.codeforces\0344a.vcxproj]
    13>C:\Programs\Microsoft Visual Studio\2022\Community\VC\Tools\MSVC\14.39.33519\include\sal.h(2361,1): error C2059: синтаксическая ошибка: extern  [D:\projects\misis2024f-check\misis2024f-24-01-sainov-r-d\build.check\prj.codeforces\0344a.vcxproj]
    13>C:\Programs\Microsoft Visual Studio\2022\Community\VC\Tools\MSVC\14.39.33519\include\sal.h(2361,12): error C2143: синтаксическая ошибка: отсутствие ";" перед "{" [D:\projects\misis2024f-check\misis2024f-24-01-sainov-r-d\build.check\prj.codeforces\0344a.vcxproj]
    13>C:\Programs\Microsoft Visual Studio\2022\Community\VC\Tools\MSVC\14.39.33519\include\sal.h(2361,12): error C2447: {: отсутствует заголовок функции (возможно, используется формальный список старого типа) [D:\projects\misis2024f-check\misis2024f-24-01-sainov-r-d\build.check\prj.codeforces\0344a.vcxproj]
    13>D:\projects\misis2024f-check\misis2024f-24-01-sainov-r-d\prj.codeforces\0344a.cpp(11,7): error C2039: "cin": не является членом "std". [D:\projects\misis2024f-check\misis2024f-24-01-sainov-r-d\build.check\prj.codeforces\0344a.vcxproj]
    13>D:\projects\misis2024f-check\misis2024f-24-01-sainov-r-d\prj.codeforces\0344a.cpp(11,7): error C2065: cin: необъявленный идентификатор [D:\projects\misis2024f-check\misis2024f-24-01-sainov-r-d\build.check\prj.codeforces\0344a.vcxproj]
    13>D:\projects\misis2024f-check\misis2024f-24-01-sainov-r-d\prj.codeforces\0344a.cpp(13,7): error C2039: "cin": не является членом "std". [D:\projects\misis2024f-check\misis2024f-24-01-sainov-r-d\build.check\prj.codeforces\0344a.vcxproj]
    13>D:\projects\misis2024f-check\misis2024f-24-01-sainov-r-d\prj.codeforces\0344a.cpp(13,7): error C2065: cin: необъявленный идентификатор [D:\projects\misis2024f-check\misis2024f-24-01-sainov-r-d\build.check\prj.codeforces\0344a.vcxproj]
    13>D:\projects\misis2024f-check\misis2024f-24-01-sainov-r-d\prj.codeforces\0344a.cpp(15,8): error C2039: "cin": не является членом "std". [D:\projects\misis2024f-check\misis2024f-24-01-sainov-r-d\build.check\prj.codeforces\0344a.vcxproj]
    13>D:\projects\misis2024f-check\misis2024f-24-01-sainov-r-d\prj.codeforces\0344a.cpp(15,8): error C2065: cin: необъявленный идентификатор [D:\projects\misis2024f-check\misis2024f-24-01-sainov-r-d\build.check\prj.codeforces\0344a.vcxproj]
    13>D:\projects\misis2024f-check\misis2024f-24-01-sainov-r-d\prj.codeforces\0344a.cpp(21,7): error C2039: "cout": не является членом "std". [D:\projects\misis2024f-check\misis2024f-24-01-sainov-r-d\build.check\prj.codeforces\0344a.vcxproj]
    13>D:\projects\misis2024f-check\misis2024f-24-01-sainov-r-d\prj.codeforces\0344a.cpp(21,7): error C2065: cout: необъявленный идентификатор [D:\projects\misis2024f-check\misis2024f-24-01-sainov-r-d\build.check\prj.codeforces\0344a.vcxproj]
    18>D:\projects\misis2024f-check\misis2024f-24-01-sainov-r-d\prj.codeforces\0263a.cpp(4,1): error C1075: "{": не найдена несоответствующая лексема [D:\projects\misis2024f-check\misis2024f-24-01-sainov-r-d\build.check\prj.codeforces\0263a.vcxproj]
    53>D:\projects\misis2024f-check\misis2024f-24-01-sainov-r-d\prj.codeforces\1873e.cpp(10,15): error C2131: выражение не определяется константой [D:\projects\misis2024f-check\misis2024f-24-01-sainov-r-d\build.check\prj.codeforces\1873e.vcxproj]
    53>D:\projects\misis2024f-check\misis2024f-24-01-sainov-r-d\prj.codeforces\1873e.cpp(19,19): error C2672: "std::max": не найдена соответствующая перегруженная функция [D:\projects\misis2024f-check\misis2024f-24-01-sainov-r-d\build.check\prj.codeforces\1873e.vcxproj]
    68>D:\projects\misis2024f-check\misis2024f-24-01-sainov-r-d\prj.lab\queuea\queuea.cpp(3,38): error C2614: QueueA: недопустимая инициализация члена: "tail" не является базовым классом или членом [D:\projects\misis2024f-check\misis2024f-24-01-sainov-r-d\build.check\prj.lab\queuea\queuea.vcxproj]
    68>D:\projects\misis2024f-check\misis2024f-24-01-sainov-r-d\prj.lab\queuea\queuea.cpp(3,47): error C2614: QueueA: недопустимая инициализация члена: "head" не является базовым классом или членом [D:\projects\misis2024f-check\misis2024f-24-01-sainov-r-d\build.check\prj.lab\queuea\queuea.vcxproj]
    68>D:\projects\misis2024f-check\misis2024f-24-01-sainov-r-d\prj.lab\queuea\queuea.cpp(5,10): error C2440: =: невозможно преобразовать "int *" в "QueueA::T *" [D:\projects\misis2024f-check\misis2024f-24-01-sainov-r-d\build.check\prj.lab\queuea\queuea.vcxproj]
    68>D:\projects\misis2024f-check\misis2024f-24-01-sainov-r-d\prj.lab\queuea\queuea.cpp(15,2): error C2588: ::~QueueA: недопустимая глобальная переменная деструктор [D:\projects\misis2024f-check\misis2024f-24-01-sainov-r-d\build.check\prj.lab\queuea\queuea.vcxproj]
    68>D:\projects\misis2024f-check\misis2024f-24-01-sainov-r-d\prj.lab\queuea\queuea.cpp(15,11): error C4430: отсутствует спецификатор типа - предполагается int. Примечание. C++ не поддерживает int по умолчанию [D:\projects\misis2024f-check\misis2024f-24-01-sainov-r-d\build.check\prj.lab\queuea\queuea.vcxproj]
    68>D:\projects\misis2024f-check\misis2024f-24-01-sainov-r-d\prj.lab\queuea\queuea.cpp(15,22): error C2065: data_: необъявленный идентификатор [D:\projects\misis2024f-check\misis2024f-24-01-sainov-r-d\build.check\prj.lab\queuea\queuea.vcxproj]
    68>D:\projects\misis2024f-check\misis2024f-24-01-sainov-r-d\prj.lab\queuea\queuea.cpp(15,13): error C2541: delete: нельзя удалять объекты, не являющиеся указателями [D:\projects\misis2024f-check\misis2024f-24-01-sainov-r-d\build.check\prj.lab\queuea\queuea.vcxproj]
    74>D:\projects\misis2024f-check\misis2024f-24-01-sainov-r-d\prj.lab\stackl\stackl.h(8,20): error C4430: отсутствует спецификатор типа - предполагается int. Примечание. C++ не поддерживает int по умолчанию [D:\projects\misis2024f-check\misis2024f-24-01-sainov-r-d\build.check\prj.lab\stackl\stackl.vcxproj]
    74>D:\projects\misis2024f-check\misis2024f-24-01-sainov-r-d\prj.lab\stackl\stackl.h(8,2): error C2610: "int StackL::Stackl(void)": не является специальной функцией-членом или оператором сравнения, для которых можно установить значение по умолчанию. [D:\projects\misis2024f-check\misis2024f-24-01-sainov-r-d\build.check\prj.lab\stackl\stackl.vcxproj]
    74>D:\projects\misis2024f-check\misis2024f-24-01-sainov-r-d\prj.lab\stackl\stackl.h(13,20): error C2061: синтаксическая ошибка: идентификатор "StakL" [D:\projects\misis2024f-check\misis2024f-24-01-sainov-r-d\build.check\prj.lab\stackl\stackl.vcxproj]
    74>D:\projects\misis2024f-check\misis2024f-24-01-sainov-r-d\prj.lab\stackl\stackl.h(13,10): error C2805: бинарный "operator =" имеет слишком мало параметров [D:\projects\misis2024f-check\misis2024f-24-01-sainov-r-d\build.check\prj.lab\stackl\stackl.vcxproj]
    64>D:\projects\misis2024f-check\misis2024f-24-01-sainov-r-d\prj.check\prj.check\doctest_arrayt\doctest_arrayt.cpp(3,10): error C1083: Не удается открыть файл включение: arrayt/arrayt.hpp: No such file or directory, [D:\projects\misis2024f-check\misis2024f-24-01-sainov-r-d\build.check\prj.check\prj.check\doctest_arrayt\doctest_arrayt.vcxproj]
    66>D:\projects\misis2024f-check\misis2024f-24-01-sainov-r-d\prj.check\prj.check\doctest_complex\doctest_complex_io.cpp(3,10): error C1083: Не удается открыть файл включение: complex/complex.hpp: No such file or directory, [D:\projects\misis2024f-check\misis2024f-24-01-sainov-r-d\build.check\prj.check\prj.check\doctest_complex\doctest_complex_io.vcxproj]
    65>D:\projects\misis2024f-check\misis2024f-24-01-sainov-r-d\prj.check\prj.check\doctest_complex\doctest_complex.cpp(3,10): error C1083: Не удается открыть файл включение: complex/complex.hpp: No such file or directory, [D:\projects\misis2024f-check\misis2024f-24-01-sainov-r-d\build.check\prj.check\prj.check\doctest_complex\doctest_complex.vcxproj]
    63>D:\projects\misis2024f-check\misis2024f-24-01-sainov-r-d\prj.check\prj.check\doctest_arrayd\doctest_arrayd.cpp(3,10): error C1083: Не удается открыть файл включение: arrayd/arrayd.hpp: No such file or directory, [D:\projects\misis2024f-check\misis2024f-24-01-sainov-r-d\build.check\prj.check\prj.check\doctest_arrayd\doctest_arrayd.vcxproj]
    69>D:\projects\misis2024f-check\misis2024f-24-01-sainov-r-d\prj.check\prj.check\doctest_rational\doctest_rational.cpp(3,10): error C1083: Не удается открыть файл включение: rational/rational.hpp: No such file or directory, [D:\projects\misis2024f-check\misis2024f-24-01-sainov-r-d\build.check\prj.check\prj.check\doctest_rational\doctest_rational.vcxproj]
    71>D:\projects\misis2024f-check\misis2024f-24-01-sainov-r-d\prj.check\prj.check\doctest_rational\doctest_rational_io.cpp(3,10): error C1083: Не удается открыть файл включение: rational/rational.hpp: No such file or directory, [D:\projects\misis2024f-check\misis2024f-24-01-sainov-r-d\build.check\prj.check\prj.check\doctest_rational\doctest_rational_io.vcxproj]
